<?xml version="1.0" encoding="UTF-8"?>
<testsuite xmlns:xsi="http://www.w3.org/2001/XMLSchema-instance" xsi:noNamespaceSchemaLocation="https://maven.apache.org/surefire/maven-surefire-plugin/xsd/surefire-test-report.xsd" name="com.dummy.myerp.model.bean.comptabilite.EcritureComptableTest" time="0.067" tests="1" errors="0" skipped="0" failures="1">
  <properties>
[...]
</properties>
  <testcase name="isEquilibree" classname="com.dummy.myerp.model.bean.comptabilite.EcritureComptableTest" time="0.014">
    <failure message="EcritureComptable{id=null, journal=null, reference=&apos;null&apos;, date=null, libelle=&apos;Non équilibrée&apos;, totalDebit=31, totalCredit=31, listLigneEcriture=[&#10;LigneEcritureComptable{compteComptable=CompteComptable{numero=1, libelle=&apos;null&apos;}, libelle=&apos;10&apos;, debit=10, credit=null}&#10;LigneEcritureComptable{compteComptable=CompteComptable{numero=1, libelle=&apos;null&apos;}, libelle=&apos;19&apos;, debit=20, credit=1}&#10;LigneEcritureComptable{compteComptable=CompteComptable{numero=2, libelle=&apos;null&apos;}, libelle=&apos;-30&apos;, debit=null, credit=30}&#10;LigneEcritureComptable{compteComptable=CompteComptable{numero=2, libelle=&apos;null&apos;}, libelle=&apos;-1&apos;, debit=1, credit=2}&#10;]}" type="java.lang.AssertionError">java.lang.AssertionError: 
EcritureComptable{id=null, journal=null, reference='null', date=null, libelle='Non équilibrée', totalDebit=31, totalCredit=31, listLigneEcriture=[
LigneEcritureComptable{compteComptable=CompteComptable{numero=1, libelle='null'}, libelle='10', debit=10, credit=null}
LigneEcritureComptable{compteComptable=CompteComptable{numero=1, libelle='null'}, libelle='19', debit=20, credit=1}
LigneEcritureComptable{compteComptable=CompteComptable{numero=2, libelle='null'}, libelle='-30', debit=null, credit=30}
LigneEcritureComptable{compteComptable=CompteComptable{numero=2, libelle='null'}, libelle='-1', debit=1, credit=2}
]}
	at com.dummy.myerp.model.bean.comptabilite.EcritureComptableTest.isEquilibree(EcritureComptableTest.java:41)
</failure>
  </testcase>
</testsuite>